CBMC version 5.8 64-bit x86_64 linux
Reading GOTO program from file 
Reading: main.c.i
Generating GOTO Program
Adding CPROVER library (x86_64)
Removal of function pointers and virtual functions
Partial Inlining
Generic Property Instrumentation
Starting Bounded Model Checking
size of program expression: 38 steps
simple slicing removed 8 assignments
Generated 2 VCC(s), 2 remaining after simplification
Passing problem to propositional reduction
converting SSA
Running propositional reduction
Post-processing
Solving with MiniSAT 2.2.1 with simplifier
137 variables, 45 clauses
SAT checker: instance is UNSATISFIABLE
Runtime decision procedure: 0s

** Results:
[1] i == 1: SUCCESS
[2] i != 1: SUCCESS

** 0 of 2 failed (1 iteration)
VERIFICATION SUCCESSFUL
EXIT=0
SIGNAL=0
